\BOOKMARK [1][-]{section.1}{\376\377\000A\000b\000s\000t\000r\000a\000c\000t}{}% 1
\BOOKMARK [1][-]{section.2}{\376\377\000I\000n\000t\000r\000o\000d\000u\000c\000t\000i\000o\000n}{}% 2
\BOOKMARK [1][-]{section.3}{\376\377\000T\000o\000p\000\040\000L\000e\000v\000e\000l\000\040\000O\000v\000e\000r\000v\000i\000e\000w}{}% 3
\BOOKMARK [1][-]{section.5}{\376\377\000S\000u\000b\000s\000y\000s\000t\000e\000m\000\040\000O\000v\000e\000r\000v\000i\000e\000w}{}% 4
\BOOKMARK [1][-]{section.6}{\376\377\000C\000o\000n\000t\000a\000i\000n\000m\000e\000n\000t}{}% 5
\BOOKMARK [1][-]{section.7}{\376\377\000E\000l\000e\000c\000t\000r\000i\000c\000a\000l\000\040\000S\000y\000s\000t\000e\000m}{}% 6
\BOOKMARK [2][-]{subsection.8}{\376\377\000P\000o\000w\000e\000r\000\040\000S\000y\000s\000t\000e\000m\000\040\000D\000e\000s\000i\000g\000n}{section.7}% 7
\BOOKMARK [2][-]{subsection.9}{\376\377\000P\000o\000w\000e\000r\000\040\000B\000u\000d\000g\000e\000t\000\040\000a\000n\000d\000\040\000L\000o\000a\000d\000\040\000R\000e\000q\000u\000i\000r\000e\000m\000e\000n\000t\000s}{section.7}% 8
\BOOKMARK [2][-]{subsection.11}{\376\377\000P\000o\000w\000e\000r\000\040\000S\000y\000s\000t\000e\000m\000\040\000B\000l\000o\000c\000k\000\040\000D\000i\000a\000g\000r\000a\000m}{section.7}% 9
\BOOKMARK [1][-]{section.12}{\376\377\000W\000e\000b\000s\000i\000t\000e}{}% 10
\BOOKMARK [2][-]{subsection.13}{\376\377\000P\000u\000r\000p\000o\000s\000e\000\040\000a\000n\000d\000\040\000R\000o\000l\000e\000\040\000i\000n\000\040\000S\000y\000s\000t\000e\000m\000\040\000A\000r\000c\000h\000i\000t\000e\000c\000t\000u\000r\000e}{section.12}% 11
\BOOKMARK [2][-]{subsection.14}{\376\377\000T\000e\000c\000h\000n\000o\000l\000o\000g\000i\000c\000a\000l\000\040\000S\000t\000a\000c\000k}{section.12}% 12
\BOOKMARK [2][-]{subsection.15}{\376\377\000K\000e\000y\000\040\000F\000e\000a\000t\000u\000r\000e\000s\000\040\000a\000n\000d\000\040\000D\000e\000s\000i\000g\000n\000\040\000C\000o\000n\000s\000i\000d\000e\000r\000a\000t\000i\000o\000n\000s}{section.12}% 13
\BOOKMARK [2][-]{subsection.16}{\376\377\000S\000t\000a\000t\000e\000\040\000M\000a\000c\000h\000i\000n\000e\000\040\000I\000n\000t\000e\000r\000f\000a\000c\000e}{section.12}% 14
\BOOKMARK [2][-]{subsection.17}{\376\377\000T\000a\000b\000-\000B\000a\000s\000e\000d\000\040\000I\000n\000p\000u\000t\000\040\000A\000c\000c\000e\000s\000s}{section.12}% 15
\BOOKMARK [2][-]{subsection.18}{\376\377\000R\000o\000b\000u\000s\000t\000\040\000R\000e\000c\000o\000v\000e\000r\000y\000\040\000a\000n\000d\000\040\000S\000t\000a\000t\000e\000\040\000P\000e\000r\000s\000i\000s\000t\000e\000n\000c\000e}{section.12}% 16
\BOOKMARK [2][-]{subsection.19}{\376\377\000R\000e\000a\000l\000-\000T\000i\000m\000e\000\040\000F\000e\000e\000d\000b\000a\000c\000k\000\040\000a\000n\000d\000\040\000L\000o\000g\000g\000i\000n\000g}{section.12}% 17
\BOOKMARK [2][-]{subsection.20}{\376\377\000C\000h\000a\000l\000l\000e\000n\000g\000e\000s\000\040\000a\000n\000d\000\040\000D\000e\000v\000e\000l\000o\000p\000m\000e\000n\000t\000\040\000J\000o\000u\000r\000n\000e\000y}{section.12}% 18
\BOOKMARK [2][-]{subsection.21}{\376\377\000L\000e\000a\000r\000n\000i\000n\000g\000\040\000C\000u\000r\000v\000e}{section.12}% 19
\BOOKMARK [2][-]{subsection.22}{\376\377\000S\000t\000a\000t\000e\000\040\000M\000a\000n\000a\000g\000e\000m\000e\000n\000t\000\040\000a\000n\000d\000\040\000S\000y\000n\000c\000h\000r\000o\000n\000i\000z\000a\000t\000i\000o\000n}{section.12}% 20
\BOOKMARK [2][-]{subsection.23}{\376\377\000U\000I\000\040\000L\000o\000g\000i\000c\000\040\000a\000n\000d\000\040\000S\000a\000f\000e\000t\000y\000\040\000C\000o\000n\000s\000t\000r\000a\000i\000n\000t\000s}{section.12}% 21
\BOOKMARK [2][-]{subsection.24}{\376\377\000D\000e\000s\000i\000g\000n\000\040\000E\000v\000o\000l\000u\000t\000i\000o\000n\000\040\000a\000n\000d\000\040\000F\000i\000n\000a\000l\000\040\000I\000m\000p\000l\000e\000m\000e\000n\000t\000a\000t\000i\000o\000n}{section.12}% 22
\BOOKMARK [2][-]{subsection.25}{\376\377\000C\000o\000n\000c\000l\000u\000s\000i\000o\000n}{section.12}% 23
\BOOKMARK [1][-]{section.26}{\376\377\000H\000e\000a\000t\000i\000n\000g}{}% 24
\BOOKMARK [1][-]{section.27}{\376\377\000M\000i\000x\000i\000n\000g}{}% 25
\BOOKMARK [1][-]{section.28}{\376\377\000R\000e\000h\000y\000d\000r\000a\000t\000i\000o\000n\000\040\000-\000\040\000C\000o\000n\000t\000r\000i\000b\000u\000t\000o\000r\000s\000:\000\040\000A\000n\000a\000\040\000V\000i\000l\000l\000a}{}% 26
\BOOKMARK [2][-]{subsection.29}{\376\377\000M\000a\000t\000e\000r\000i\000a\000l\000s\000\040\000a\000n\000d\000\040\000M\000e\000t\000h\000o\000d\000s}{section.28}% 27
\BOOKMARK [2][-]{subsection.30}{\376\377\000T\000e\000s\000t\000\040\000a\000n\000d\000\040\000R\000e\000s\000u\000l\000t\000s}{section.28}% 28
\BOOKMARK [2][-]{subsection.32}{\376\377\000D\000i\000s\000c\000u\000s\000s\000i\000o\000n}{section.28}% 29
\BOOKMARK [2][-]{subsection.33}{\376\377\000C\000o\000n\000c\000l\000u\000s\000i\000o\000n}{section.28}% 30
\BOOKMARK [1][-]{section.34}{\376\377\000E\000x\000t\000r\000a\000c\000t\000i\000o\000n}{}% 31
\BOOKMARK [1][-]{section.35}{\376\377\000C\000o\000n\000c\000l\000u\000s\000i\000o\000n}{}% 32
\BOOKMARK [1][-]{section.36}{\376\377\000A\000p\000p\000e\000n\000d\000i\000x}{}% 33
